0 info it worked if it ends with ok
1 verbose cli [ 'C:\\Program Files\\nodejs\\node.exe',
1 verbose cli   'C:\\Program Files\\nodejs\\node_modules\\npm\\bin\\npm-cli.js',
1 verbose cli   'publish',
1 verbose cli   '--tag',
1 verbose cli   'latest' ]
2 info using npm@3.10.3
3 info using node@v6.3.0
4 verbose publish [ '.' ]
5 silly cache add args [ '.', null ]
6 verbose cache add spec .
7 silly cache add parsed spec Result {
7 silly cache add   raw: '.',
7 silly cache add   scope: null,
7 silly cache add   escapedName: null,
7 silly cache add   name: null,
7 silly cache add   rawSpec: '.',
7 silly cache add   spec: 'C:\\Users\\jasde\\FrontEndDevelopment\\Angular\\AngularWebDevelopment\\packages\\angularDesign',
7 silly cache add   type: 'directory' }
8 verbose addLocalDirectory C:\Users\jasde\AppData\Roaming\npm-cache\angulardesign\0.0.1\package.tgz not in flight; packing
9 verbose correctMkdir C:\Users\jasde\AppData\Roaming\npm-cache correctMkdir not in flight; initializing
10 info lifecycle angulardesign@0.0.1~prepublish: angulardesign@0.0.1
11 silly lifecycle angulardesign@0.0.1~prepublish: no script for prepublish, continuing
12 verbose tar pack [ 'C:\\Users\\jasde\\AppData\\Roaming\\npm-cache\\angulardesign\\0.0.1\\package.tgz',
12 verbose tar pack   'C:\\Users\\jasde\\FrontEndDevelopment\\Angular\\AngularWebDevelopment\\packages\\angularDesign' ]
13 verbose tarball C:\Users\jasde\AppData\Roaming\npm-cache\angulardesign\0.0.1\package.tgz
14 verbose folder C:\Users\jasde\FrontEndDevelopment\Angular\AngularWebDevelopment\packages\angularDesign
15 verbose addLocalTarball adding from inside cache C:\Users\jasde\AppData\Roaming\npm-cache\angulardesign\0.0.1\package.tgz
16 verbose correctMkdir C:\Users\jasde\AppData\Roaming\npm-cache correctMkdir not in flight; initializing
17 silly cache afterAdd angulardesign@0.0.1
18 verbose afterAdd C:\Users\jasde\AppData\Roaming\npm-cache\angulardesign\0.0.1\package\package.json not in flight; writing
19 verbose correctMkdir C:\Users\jasde\AppData\Roaming\npm-cache correctMkdir not in flight; initializing
20 verbose afterAdd C:\Users\jasde\AppData\Roaming\npm-cache\angulardesign\0.0.1\package\package.json written
21 silly publish { name: 'angulardesign',
21 silly publish   version: '0.0.1',
21 silly publish   description: '',
21 silly publish   main: 'index.js',
21 silly publish   scripts:
21 silly publish    { test: 'echo "Error: no test specified" && exit 1',
21 silly publish      start: 'webpack-dev-server',
21 silly publish      build: 'webpack' },
21 silly publish   dependencies:
21 silly publish    { '@angular/common': '~2.4.0',
21 silly publish      '@angular/compiler': '~2.4.0',
21 silly publish      '@angular/core': '~2.4.0',
21 silly publish      '@angular/forms': '^2.4.8',
21 silly publish      '@angular/http': '^2.4.9',
21 silly publish      '@angular/platform-browser': '~2.4.0',
21 silly publish      '@angular/platform-browser-dynamic': '~2.4.0',
21 silly publish      '@angular/router': '^3.4.9',
21 silly publish      'core-js': '^2.4.1',
21 silly publish      'reflect-metadata': '0.1.3',
21 silly publish      rxjs: '5.0.1',
21 silly publish      'zone.js': '^0.7.4' },
21 silly publish   devDependencies:
21 silly publish    { '@types/node': '^7.0.14',
21 silly publish      'angular2-template-loader': '^0.6.0',
21 silly publish      'awesome-typescript-loader': '^3.0.0-beta.18',
21 silly publish      'cross-env': '^4.0.0',
21 silly publish      'css-loader': '^0.28.0',
21 silly publish      eslint: '^3.15.0',
21 silly publish      'node-sass': '^4.5.2',
21 silly publish      'raw-loader': '^0.5.1',
21 silly publish      rimraf: '^2.5.2',
21 silly publish      'sass-loader': '^6.0.3',
21 silly publish      'style-loader': '^0.17.0',
21 silly publish      typescript: '^2.0.10',
21 silly publish      webpack: '2.2.0',
21 silly publish      'webpack-dev-server': '2.2.0-rc.0' },
21 silly publish   author: { name: 'Jasdev' },
21 silly publish   license: 'ISC',
21 silly publish   readme: 'ERROR: No README data found!',
21 silly publish   _id: 'angulardesign@0.0.1',
21 silly publish   _shasum: '974c02fb55ee49e4b349a9c63ae912098e9d95e4',
21 silly publish   _from: '.' }
22 verbose getPublishConfig undefined
23 silly mapToRegistry name angulardesign
24 silly mapToRegistry using default registry
25 silly mapToRegistry registry https://registry.npmjs.org/
26 silly mapToRegistry data Result {
26 silly mapToRegistry   raw: 'angulardesign',
26 silly mapToRegistry   scope: null,
26 silly mapToRegistry   escapedName: 'angulardesign',
26 silly mapToRegistry   name: 'angulardesign',
26 silly mapToRegistry   rawSpec: '',
26 silly mapToRegistry   spec: 'latest',
26 silly mapToRegistry   type: 'tag' }
27 silly mapToRegistry uri https://registry.npmjs.org/angulardesign
28 verbose publish registryBase https://registry.npmjs.org/
29 silly publish uploading C:\Users\jasde\AppData\Roaming\npm-cache\angulardesign\0.0.1\package.tgz
30 verbose stack Error: auth required for publishing
30 verbose stack     at CachingRegistryClient.publish (C:\Program Files\nodejs\node_modules\npm\node_modules\npm-registry-client\lib\publish.js:30:14)
30 verbose stack     at C:\Program Files\nodejs\node_modules\npm\lib\publish.js:138:14
30 verbose stack     at mapToRegistry (C:\Program Files\nodejs\node_modules\npm\lib\utils\map-to-registry.js:62:3)
30 verbose stack     at publish_ (C:\Program Files\nodejs\node_modules\npm\lib\publish.js:107:3)
30 verbose stack     at Array.<anonymous> (C:\Program Files\nodejs\node_modules\npm\node_modules\slide\lib\bind-actor.js:15:8)
30 verbose stack     at LOOP (C:\Program Files\nodejs\node_modules\npm\node_modules\slide\lib\chain.js:15:14)
30 verbose stack     at LOOP (C:\Program Files\nodejs\node_modules\npm\node_modules\slide\lib\chain.js:14:28)
30 verbose stack     at chain (C:\Program Files\nodejs\node_modules\npm\node_modules\slide\lib\chain.js:20:5)
30 verbose stack     at C:\Program Files\nodejs\node_modules\npm\lib\publish.js:73:5
30 verbose stack     at RES (C:\Program Files\nodejs\node_modules\npm\node_modules\inflight\inflight.js:23:14)
31 verbose cwd C:\Users\jasde\FrontEndDevelopment\Angular\AngularWebDevelopment\packages\angularDesign
32 error Windows_NT 10.0.14393
33 error argv "C:\\Program Files\\nodejs\\node.exe" "C:\\Program Files\\nodejs\\node_modules\\npm\\bin\\npm-cli.js" "publish" "--tag" "latest"
34 error node v6.3.0
35 error npm  v3.10.3
36 error code ENEEDAUTH
37 error need auth auth required for publishing
38 error need auth You need to authorize this machine using `npm adduser`
39 verbose exit [ 1, true ]
